<?xml version="1.0" encoding="UTF-8"?>
<testng-results ignored="0" total="1" passed="1" failed="0" skipped="0">
  <reporter-output>
  </reporter-output>
  <suite started-at="2020-08-21T19:54:59 EDT" name="Default suite" finished-at="2020-08-21T19:55:11 EDT" duration-ms="12061">
    <groups>
    </groups>
    <test started-at="2020-08-21T19:54:59 EDT" name="Default test" finished-at="2020-08-21T19:55:11 EDT" duration-ms="12061">
      <class name="com.training.sanity.tests.LoginTests">
        <test-method is-config="true" signature="setUpBeforeClass()[pri:0, instance:com.training.sanity.tests.LoginTests@d706f19]" started-at="2020-08-21T19:54:59 EDT" name="setUpBeforeClass" finished-at="2020-08-21T19:54:59 EDT" duration-ms="11" status="PASS">
          <reporter-output>
          </reporter-output>
        </test-method> <!-- setUpBeforeClass -->
        <test-method is-config="true" signature="setUp()[pri:0, instance:com.training.sanity.tests.LoginTests@d706f19]" started-at="2020-08-21T19:54:59 EDT" name="setUp" finished-at="2020-08-21T19:55:08 EDT" duration-ms="8399" status="PASS">
          <reporter-output>
          </reporter-output>
        </test-method> <!-- setUp -->
        <test-method signature="validLoginTest()[pri:0, instance:com.training.sanity.tests.LoginTests@d706f19]" started-at="2020-08-21T19:55:08 EDT" name="validLoginTest" finished-at="2020-08-21T19:55:10 EDT" duration-ms="2595" status="PASS">
          <reporter-output>
          </reporter-output>
        </test-method> <!-- validLoginTest -->
        <test-method is-config="true" signature="tearDown()[pri:0, instance:com.training.sanity.tests.LoginTests@d706f19]" started-at="2020-08-21T19:55:10 EDT" name="tearDown" finished-at="2020-08-21T19:55:11 EDT" duration-ms="1001" status="PASS">
          <reporter-output>
          </reporter-output>
        </test-method> <!-- tearDown -->
      </class> <!-- com.training.sanity.tests.LoginTests -->
    </test> <!-- Default test -->
  </suite> <!-- Default suite -->
</testng-results>
