<?xml version="1.0" encoding="UTF-8"?>
<testng-results ignored="0" total="1" passed="1" failed="0" skipped="0">
  <reporter-output>
  </reporter-output>
  <suite started-at="2020-09-09T17:17:53 EDT" name="Default suite" finished-at="2020-09-09T17:18:09 EDT" duration-ms="15734">
    <groups>
    </groups>
    <test started-at="2020-09-09T17:17:53 EDT" name="Default test" finished-at="2020-09-09T17:18:09 EDT" duration-ms="15734">
      <class name="com.training.sanity.tests.UNF_066">
        <test-method is-config="true" signature="setUpBeforeClass()[pri:0, instance:com.training.sanity.tests.UNF_066@d706f19]" started-at="2020-09-09T17:17:53 EDT" name="setUpBeforeClass" finished-at="2020-09-09T17:17:53 EDT" duration-ms="10" status="PASS">
          <reporter-output>
          </reporter-output>
        </test-method> <!-- setUpBeforeClass -->
        <test-method is-config="true" signature="setUp()[pri:0, instance:com.training.sanity.tests.UNF_066@d706f19]" started-at="2020-09-09T17:17:53 EDT" name="setUp" finished-at="2020-09-09T17:18:02 EDT" duration-ms="8963" status="PASS">
          <reporter-output>
          </reporter-output>
        </test-method> <!-- setUp -->
        <test-method signature="AdminAddingProduct()[pri:1, instance:com.training.sanity.tests.UNF_066@d706f19]" started-at="2020-09-09T17:18:02 EDT" name="AdminAddingProduct" finished-at="2020-09-09T17:18:08 EDT" duration-ms="5658" status="PASS">
          <reporter-output>
          </reporter-output>
        </test-method> <!-- AdminAddingProduct -->
        <test-method is-config="true" signature="tearDown()[pri:0, instance:com.training.sanity.tests.UNF_066@d706f19]" started-at="2020-09-09T17:18:08 EDT" name="tearDown" finished-at="2020-09-09T17:18:09 EDT" duration-ms="1002" status="PASS">
          <reporter-output>
          </reporter-output>
        </test-method> <!-- tearDown -->
      </class> <!-- com.training.sanity.tests.UNF_066 -->
    </test> <!-- Default test -->
  </suite> <!-- Default suite -->
</testng-results>
