<?xml version="1.0" encoding="UTF-8"?>
<!-- Generated by org.testng.reporters.JUnitXMLReporter -->
<testsuite ignored="0" hostname="DESKTOP-GN0JGJR" failures="0" tests="5" name="Default test" time="25.44" errors="0" timestamp="2020-09-09T13:24:46 EDT">
  <testcase classname="com.training.sanity.tests.UNF_066" name="Login" time="1.337"/>
  <testcase classname="com.training.sanity.tests.UNF_066" name="AdminAddXlsData" time="3.188"/>
  <testcase classname="com.training.sanity.tests.UNF_066" name="AdminAddXlsData" time="2.453"/>
  <testcase classname="com.training.sanity.tests.UNF_066" name="AdminAddXlsData" time="2.561"/>
  <testcase classname="com.training.sanity.tests.UNF_066" name="AdminAddXlsData" time="2.344"/>
</testsuite> <!-- Default test -->
